Build started 13.3.2011 20:35:23.
     1>Project "C:\Users\Mikulas\Documents\Visual Studio 2010\Projects\MtGAI\MtGAI.vcxproj" on node 2 (build target(s)).
     1>InitializeBuildStatus:
         Creating "Debug\MtGAI.unsuccessfulbuild" because "AlwaysCreate" was specified.
       ClCompile:
         C:\Program Files (x86)\Microsoft Visual Studio 10.0\VC\bin\CL.exe /c /Zi /nologo /W3 /WX- /Od /Oy- /D WIN32 /D _DEBUG /D _CONSOLE /Gm /EHsc /RTC1 /MDd /GS /fp:precise /Zc:wchar_t /Zc:forScope /Fo"Debug\\" /Fd"Debug\vc100.pdb" /Gd /TP /analyze- /errorReport:prompt Card.cpp Database.cpp Library.cpp Hand.cpp main.cpp Player.cpp
         Player.cpp
         Hand.cpp
         Library.cpp
         Card.cpp
         Generating Code...
         Compiling...
         main.cpp
     1>main.cpp(4): fatal error C1083: Cannot open include file: 'Deck.h': No such file or directory
         Database.cpp
     1>Database.cpp(47): warning C4172: returning address of local variable or temporary
         Generating Code...
     1>Done Building Project "C:\Users\Mikulas\Documents\Visual Studio 2010\Projects\MtGAI\MtGAI.vcxproj" (build target(s)) -- FAILED.

Build FAILED.

Time Elapsed 00:00:33.19
